  Source.c
C:\Users\Vieyt\Desktop\Daniel\מעבדה מתקדמת לתכנות\ProjectFinal\Source.c(23,14): warning C4133: '=': incompatible types - from 'user *' to 'user *'
C:\Users\Vieyt\Desktop\Daniel\מעבדה מתקדמת לתכנות\ProjectFinal\Source.c(24,15): warning C4133: '=': incompatible types - from 'user *' to 'user *'
C:\Users\Vieyt\Desktop\Daniel\מעבדה מתקדמת לתכנות\ProjectFinal\Source.c(25,15): warning C4133: '=': incompatible types - from 'user *' to 'user *'
C:\Users\Vieyt\Desktop\Daniel\מעבדה מתקדמת לתכנות\ProjectFinal\Source.c(89,16): warning C4133: '=': incompatible types - from 'user *' to 'user *'
C:\Users\Vieyt\Desktop\Daniel\מעבדה מתקדמת לתכנות\ProjectFinal\Source.c(131,6): warning C4013: 'gets' undefined; assuming extern returning int
C:\Users\Vieyt\Desktop\Daniel\מעבדה מתקדמת לתכנות\ProjectFinal\Source.c(160,19): warning C4133: '=': incompatible types - from 'user *' to 'user *'
C:\Users\Vieyt\Desktop\Daniel\מעבדה מתקדמת לתכנות\ProjectFinal\Source.c(171,17): warning C4133: '=': incompatible types - from 'user *' to 'user *'
C:\Users\Vieyt\Desktop\Daniel\מעבדה מתקדמת לתכנות\ProjectFinal\Source.c(181,18): warning C4133: '=': incompatible types - from 'user *' to 'user *'
C:\Users\Vieyt\Desktop\Daniel\מעבדה מתקדמת לתכנות\ProjectFinal\Source.c(189,18): warning C4133: '=': incompatible types - from 'user *' to 'user *'
C:\Users\Vieyt\Desktop\Daniel\מעבדה מתקדמת לתכנות\ProjectFinal\Source.c(190,18): warning C4133: '=': incompatible types - from 'user *' to 'user *'
C:\Users\Vieyt\Desktop\Daniel\מעבדה מתקדמת לתכנות\ProjectFinal\Source.c(191,21): warning C4133: '=': incompatible types - from 'user *' to 'user *'
C:\Users\Vieyt\Desktop\Daniel\מעבדה מתקדמת לתכנות\ProjectFinal\Source.c(192,21): warning C4133: '=': incompatible types - from 'user *' to 'user *'
C:\Users\Vieyt\Desktop\Daniel\מעבדה מתקדמת לתכנות\ProjectFinal\Source.c(222,25): warning C4133: '=': incompatible types - from 'user *' to 'user *'
C:\Users\Vieyt\Desktop\Daniel\מעבדה מתקדמת לתכנות\ProjectFinal\Source.c(269,14): warning C4133: 'function': incompatible types - from 'FILE *' to 'const char *const '
C:\Users\Vieyt\Desktop\Daniel\מעבדה מתקדמת לתכנות\ProjectFinal\Source.c(294,20): warning C4133: '=': incompatible types - from 'user *' to 'user *'
C:\Users\Vieyt\Desktop\Daniel\מעבדה מתקדמת לתכנות\ProjectFinal\Source.c(335,31): warning C4133: 'function': incompatible types - from 'FILE *' to 'const char *'
C:\Users\Vieyt\Desktop\Daniel\מעבדה מתקדמת לתכנות\ProjectFinal\Source.c(349,23): warning C4133: '=': incompatible types - from 'parit *' to 'parit *'
C:\Users\Vieyt\Desktop\Daniel\מעבדה מתקדמת לתכנות\ProjectFinal\Source.c(305,1): warning C4047: 'initializing': 'char *' differs in levels of indirection from 'int'
C:\Users\Vieyt\Desktop\Daniel\מעבדה מתקדמת לתכנות\ProjectFinal\Source.c(408,30): warning C4133: 'function': incompatible types - from 'FILE *' to 'const char *'
C:\Users\Vieyt\Desktop\Daniel\מעבדה מתקדמת לתכנות\ProjectFinal\Source.c(422,22): warning C4133: '=': incompatible types - from 'parit *' to 'parit *'
C:\Users\Vieyt\Desktop\Daniel\מעבדה מתקדמת לתכנות\ProjectFinal\Source.c(496,30): warning C4133: 'function': incompatible types - from 'FILE *' to 'const char *'
C:\Users\Vieyt\Desktop\Daniel\מעבדה מתקדמת לתכנות\ProjectFinal\Source.c(510,22): warning C4133: '=': incompatible types - from 'parit *' to 'parit *'
C:\Users\Vieyt\Desktop\Daniel\מעבדה מתקדמת לתכנות\ProjectFinal\Source.c(514,28): warning C4133: 'function': incompatible types - from 'FILE *' to 'const char *'
C:\Users\Vieyt\Desktop\Daniel\מעבדה מתקדמת לתכנות\ProjectFinal\Source.c(520,24): warning C4133: '=': incompatible types - from 'user *' to 'user *'
C:\Users\Vieyt\Desktop\Daniel\מעבדה מתקדמת לתכנות\ProjectFinal\Source.c(536,14): warning C4133: '=': incompatible types - from 'parit *' to 'parit *'
C:\Users\Vieyt\Desktop\Daniel\מעבדה מתקדמת לתכנות\ProjectFinal\Source.c(537,15): warning C4133: '=': incompatible types - from 'parit *' to 'parit *'
C:\Users\Vieyt\Desktop\Daniel\מעבדה מתקדמת לתכנות\ProjectFinal\Source.c(538,15): warning C4133: '=': incompatible types - from 'parit *' to 'parit *'
C:\Users\Vieyt\Desktop\Daniel\מעבדה מתקדמת לתכנות\ProjectFinal\Source.c(608,19): warning C4133: '=': incompatible types - from 'parit *' to 'parit *'
C:\Users\Vieyt\Desktop\Daniel\מעבדה מתקדמת לתכנות\ProjectFinal\Source.c(612,19): warning C4133: '=': incompatible types - from 'parit *' to 'parit *'
C:\Users\Vieyt\Desktop\Daniel\מעבדה מתקדמת לתכנות\ProjectFinal\Source.c(623,20): warning C4133: '=': incompatible types - from 'parit *' to 'parit *'
C:\Users\Vieyt\Desktop\Daniel\מעבדה מתקדמת לתכנות\ProjectFinal\Source.c(631,20): warning C4133: '=': incompatible types - from 'parit *' to 'parit *'
C:\Users\Vieyt\Desktop\Daniel\מעבדה מתקדמת לתכנות\ProjectFinal\Source.c(632,20): warning C4133: '=': incompatible types - from 'parit *' to 'parit *'
C:\Users\Vieyt\Desktop\Daniel\מעבדה מתקדמת לתכנות\ProjectFinal\Source.c(633,21): warning C4133: '=': incompatible types - from 'parit *' to 'parit *'
C:\Users\Vieyt\Desktop\Daniel\מעבדה מתקדמת לתכנות\ProjectFinal\Source.c(634,21): warning C4133: '=': incompatible types - from 'parit *' to 'parit *'
C:\Users\Vieyt\Desktop\Daniel\מעבדה מתקדמת לתכנות\ProjectFinal\Source.c(658,19): warning C4133: '=': incompatible types - from 'parit *' to 'parit *'
C:\Users\Vieyt\Desktop\Daniel\מעבדה מתקדמת לתכנות\ProjectFinal\Source.c(761,20): warning C4133: '=': incompatible types - from 'parit *' to 'parit *'
C:\Users\Vieyt\Desktop\Daniel\מעבדה מתקדמת לתכנות\ProjectFinal\Source.c(788,23): warning C4133: '=': incompatible types - from 'parit *' to 'parit *'
C:\Users\Vieyt\Desktop\Daniel\מעבדה מתקדמת לתכנות\ProjectFinal\Source.c(821,23): warning C4133: '=': incompatible types - from 'parit *' to 'parit *'
C:\Users\Vieyt\Desktop\Daniel\מעבדה מתקדמת לתכנות\ProjectFinal\Source.c(830,23): warning C4133: '=': incompatible types - from 'parit *' to 'parit *'
C:\Users\Vieyt\Desktop\Daniel\מעבדה מתקדמת לתכנות\ProjectFinal\Source.c(846,24): warning C4133: '=': incompatible types - from 'parit *' to 'parit *'
C:\Users\Vieyt\Desktop\Daniel\מעבדה מתקדמת לתכנות\ProjectFinal\Source.c(857,23): warning C4133: '=': incompatible types - from 'parit *' to 'parit *'
C:\Users\Vieyt\Desktop\Daniel\מעבדה מתקדמת לתכנות\ProjectFinal\Source.c(881,26): warning C4133: '=': incompatible types - from 'parit *' to 'parit *'
C:\Users\Vieyt\Desktop\Daniel\מעבדה מתקדמת לתכנות\ProjectFinal\Source.c(912,21): warning C4133: '=': incompatible types - from 'parit *' to 'parit *'
C:\Users\Vieyt\Desktop\Daniel\מעבדה מתקדמת לתכנות\ProjectFinal\Source.c(927,21): warning C4133: '=': incompatible types - from 'parit *' to 'parit *'
C:\Users\Vieyt\Desktop\Daniel\מעבדה מתקדמת לתכנות\ProjectFinal\Source.c(895,1): warning C4133: 'initializing': incompatible types - from 'char *' to 'FILE *'
C:\Users\Vieyt\Desktop\Daniel\מעבדה מתקדמת לתכנות\ProjectFinal\Source.c(980,15): warning C4133: '=': incompatible types - from 'parit *' to 'parit *'
C:\Users\Vieyt\Desktop\Daniel\מעבדה מתקדמת לתכנות\ProjectFinal\Source.c(1015,15): warning C4133: '=': incompatible types - from 'parit *' to 'parit *'
C:\Users\Vieyt\Desktop\Daniel\מעבדה מתקדמת לתכנות\ProjectFinal\Source.c(1067,15): warning C4133: '=': incompatible types - from 'parit *' to 'parit *'
C:\Users\Vieyt\Desktop\Daniel\מעבדה מתקדמת לתכנות\ProjectFinal\Source.c(1178,15): warning C4133: '=': incompatible types - from 'parit *' to 'parit *'
C:\Users\Vieyt\Desktop\Daniel\מעבדה מתקדמת לתכנות\ProjectFinal\Source.c(1254,15): warning C4133: '=': incompatible types - from 'parit *' to 'parit *'
C:\Users\Vieyt\Desktop\Daniel\מעבדה מתקדמת לתכנות\ProjectFinal\Source.c(1304,43): warning C4133: 'function': incompatible types - from 'char *' to 'FILE *'
C:\Users\Vieyt\Desktop\Daniel\מעבדה מתקדמת לתכנות\ProjectFinal\Source.c(1305,45): warning C4133: 'function': incompatible types - from 'char *' to 'FILE *'
C:\Users\Vieyt\Desktop\Daniel\מעבדה מתקדמת לתכנות\ProjectFinal\Source.c(1320,36): warning C4133: 'function': incompatible types - from 'char *' to 'FILE *'
C:\Users\Vieyt\Desktop\Daniel\מעבדה מתקדמת לתכנות\ProjectFinal\Source.c(1324,36): warning C4133: 'function': incompatible types - from 'char *' to 'FILE *'
C:\Users\Vieyt\Desktop\Daniel\מעבדה מתקדמת לתכנות\ProjectFinal\Source.c(1327,50): warning C4133: 'function': incompatible types - from 'char *' to 'FILE *'
C:\Users\Vieyt\Desktop\Daniel\מעבדה מתקדמת לתכנות\ProjectFinal\Source.c(1327,59): warning C4133: 'function': incompatible types - from 'char *' to 'FILE *'
  functions.c
C:\Users\Vieyt\Desktop\Daniel\מעבדה מתקדמת לתכנות\ProjectFinal\functions.c(29,36): warning C4133: 'function': incompatible types - from 'FILE *' to 'const char *'
C:\Users\Vieyt\Desktop\Daniel\מעבדה מתקדמת לתכנות\ProjectFinal\functions.c(32,31): warning C4133: 'function': incompatible types - from 'FILE *' to 'const char *'
C:\Users\Vieyt\Desktop\Daniel\מעבדה מתקדמת לתכנות\ProjectFinal\functions.c(62,31): warning C4133: '=': incompatible types - from 'user *' to 'user *'
C:\Users\Vieyt\Desktop\Daniel\מעבדה מתקדמת לתכנות\ProjectFinal\functions.c(63,31): warning C4133: '=': incompatible types - from 'user *' to 'user *'
C:\Users\Vieyt\Desktop\Daniel\מעבדה מתקדמת לתכנות\ProjectFinal\functions.c(102,37): warning C4133: 'function': incompatible types - from 'FILE *' to 'const char *'
C:\Users\Vieyt\Desktop\Daniel\מעבדה מתקדמת לתכנות\ProjectFinal\functions.c(143,31): warning C4133: '=': incompatible types - from 'parit *' to 'parit *'
C:\Users\Vieyt\Desktop\Daniel\מעבדה מתקדמת לתכנות\ProjectFinal\functions.c(144,31): warning C4133: '=': incompatible types - from 'parit *' to 'parit *'
C:\Users\Vieyt\Desktop\Daniel\מעבדה מתקדמת לתכנות\ProjectFinal\functions.c(166,24): warning C4133: '=': incompatible types - from 'parit *' to 'parit *'
C:\Users\Vieyt\Desktop\Daniel\מעבדה מתקדמת לתכנות\ProjectFinal\functions.c(176,24): warning C4133: '=': incompatible types - from 'user *' to 'user *'
C:\Users\Vieyt\Desktop\Daniel\מעבדה מתקדמת לתכנות\ProjectFinal\functions.c(198,69): warning C4133: '=': incompatible types - from 'parit *' to 'parit *'
C:\Users\Vieyt\Desktop\Daniel\מעבדה מתקדמת לתכנות\ProjectFinal\functions.c(200,29): warning C4133: '=': incompatible types - from 'parit *' to 'parit *'
C:\Users\Vieyt\Desktop\Daniel\מעבדה מתקדמת לתכנות\ProjectFinal\functions.c(200,65): warning C4133: '=': incompatible types - from 'parit *' to 'parit *'
  Generating Code...
C:\Users\Vieyt\Desktop\Daniel\מעבדה מתקדמת לתכנות\ProjectFinal\functions.c(237): warning C4172: returning address of local variable or temporary: temp_price
  ProjectFinal.vcxproj -> C:\Users\Vieyt\Desktop\Daniel\מעבדה מתקדמת לתכנות\ProjectFinal\Debug\ProjectFinal.exe
